This file contains any messages produced by compilers while
running configure, to aid debugging if configure makes a mistake.

It was created by reliable_udp configure 0.0.1, which was
generated by GNU Autoconf 2.61.  Invocation command line was

  $ ./configure 

## --------- ##
## Platform. ##
## --------- ##

hostname = hide1713-laptop
uname -m = i686
uname -r = 2.6.24-21-generic
uname -s = Linux
uname -v = #1 SMP Tue Oct 21 23:43:45 UTC 2008

/usr/bin/uname -p = unknown
/bin/uname -X     = unknown

/bin/arch              = unknown
/usr/bin/arch -k       = unknown
/usr/convex/getsysinfo = unknown
/usr/bin/hostinfo      = unknown
/bin/machine           = unknown
/usr/bin/oslevel       = unknown
/bin/universe          = unknown

PATH: /usr/local/sbin
PATH: /usr/local/bin
PATH: /usr/sbin
PATH: /usr/bin
PATH: /sbin
PATH: /bin
PATH: /usr/games


## ----------- ##
## Core tests. ##
## ----------- ##

configure:1793: checking for a BSD-compatible install
configure:1849: result: /usr/bin/install -c
configure:1860: checking whether build environment is sane
configure:1903: result: yes
configure:1931: checking for a thread-safe mkdir -p
configure:1970: result: /bin/mkdir -p
configure:1983: checking for gawk
configure:2013: result: no
configure:1983: checking for mawk
configure:1999: found /usr/bin/mawk
configure:2010: result: mawk
configure:2021: checking whether make sets $(MAKE)
configure:2042: result: yes
configure:2243: checking for style of include used by make
configure:2271: result: GNU
configure:2295: checking for grep that handles long lines and -e
configure:2369: result: /bin/grep
configure:2374: checking for egrep
configure:2452: result: /bin/grep -E
configure:2457: checking for ANSI C header files
configure:2487:  -c   conftest.c >&5
./configure: line 2488: -c: command not found
configure:2493: $? = 127
configure: failed program was:
| /* confdefs.h.  */
| #define PACKAGE_NAME "reliable_udp"
| #define PACKAGE_TARNAME "reliable_udp"
| #define PACKAGE_VERSION "0.0.1"
| #define PACKAGE_STRING "reliable_udp 0.0.1"
| #define PACKAGE_BUGREPORT "Lei Chen, Chao Sun, Azadeh Nematzadeh lc6@indiana.edu"
| #define PACKAGE "reliable_udp"
| #define VERSION "0.0.1"
| /* end confdefs.h.  */
| #include <stdlib.h>
| #include <stdarg.h>
| #include <string.h>
| #include <float.h>
| 
| int
| main ()
| {
| 
|   ;
|   return 0;
| }
configure:2621: result: no
configure:2645: checking for sys/types.h
configure:2666:  -c   conftest.c >&5
./configure: line 2667: -c: command not found
configure:2672: $? = 127
configure: failed program was:
| /* confdefs.h.  */
| #define PACKAGE_NAME "reliable_udp"
| #define PACKAGE_TARNAME "reliable_udp"
| #define PACKAGE_VERSION "0.0.1"
| #define PACKAGE_STRING "reliable_udp 0.0.1"
| #define PACKAGE_BUGREPORT "Lei Chen, Chao Sun, Azadeh Nematzadeh lc6@indiana.edu"
| #define PACKAGE "reliable_udp"
| #define VERSION "0.0.1"
| /* end confdefs.h.  */
| #include <stdio.h>
| #ifdef HAVE_SYS_TYPES_H
| # include <sys/types.h>
| #endif
| #ifdef HAVE_SYS_STAT_H
| # include <sys/stat.h>
| #endif
| #ifdef STDC_HEADERS
| # include <stdlib.h>
| # include <stddef.h>
| #else
| # ifdef HAVE_STDLIB_H
| #  include <stdlib.h>
| # endif
| #endif
| #ifdef HAVE_STRING_H
| # if !defined STDC_HEADERS && defined HAVE_MEMORY_H
| #  include <memory.h>
| # endif
| # include <string.h>
| #endif
| #ifdef HAVE_STRINGS_H
| # include <strings.h>
| #endif
| #ifdef HAVE_INTTYPES_H
| # include <inttypes.h>
| #endif
| #ifdef HAVE_STDINT_H
| # include <stdint.h>
| #endif
| #ifdef HAVE_UNISTD_H
| # include <unistd.h>
| #endif
| 
| #include <sys/types.h>
configure:2688: result: no
configure:2645: checking for sys/stat.h
configure:2666:  -c   conftest.c >&5
./configure: line 2667: -c: command not found
configure:2672: $? = 127
configure: failed program was:
| /* confdefs.h.  */
| #define PACKAGE_NAME "reliable_udp"
| #define PACKAGE_TARNAME "reliable_udp"
| #define PACKAGE_VERSION "0.0.1"
| #define PACKAGE_STRING "reliable_udp 0.0.1"
| #define PACKAGE_BUGREPORT "Lei Chen, Chao Sun, Azadeh Nematzadeh lc6@indiana.edu"
| #define PACKAGE "reliable_udp"
| #define VERSION "0.0.1"
| /* end confdefs.h.  */
| #include <stdio.h>
| #ifdef HAVE_SYS_TYPES_H
| # include <sys/types.h>
| #endif
| #ifdef HAVE_SYS_STAT_H
| # include <sys/stat.h>
| #endif
| #ifdef STDC_HEADERS
| # include <stdlib.h>
| # include <stddef.h>
| #else
| # ifdef HAVE_STDLIB_H
| #  include <stdlib.h>
| # endif
| #endif
| #ifdef HAVE_STRING_H
| # if !defined STDC_HEADERS && defined HAVE_MEMORY_H
| #  include <memory.h>
| # endif
| # include <string.h>
| #endif
| #ifdef HAVE_STRINGS_H
| # include <strings.h>
| #endif
| #ifdef HAVE_INTTYPES_H
| # include <inttypes.h>
| #endif
| #ifdef HAVE_STDINT_H
| # include <stdint.h>
| #endif
| #ifdef HAVE_UNISTD_H
| # include <unistd.h>
| #endif
| 
| #include <sys/stat.h>
configure:2688: result: no
configure:2645: checking for stdlib.h
configure:2666:  -c   conftest.c >&5
./configure: line 2667: -c: command not found
configure:2672: $? = 127
configure: failed program was:
| /* confdefs.h.  */
| #define PACKAGE_NAME "reliable_udp"
| #define PACKAGE_TARNAME "reliable_udp"
| #define PACKAGE_VERSION "0.0.1"
| #define PACKAGE_STRING "reliable_udp 0.0.1"
| #define PACKAGE_BUGREPORT "Lei Chen, Chao Sun, Azadeh Nematzadeh lc6@indiana.edu"
| #define PACKAGE "reliable_udp"
| #define VERSION "0.0.1"
| /* end confdefs.h.  */
| #include <stdio.h>
| #ifdef HAVE_SYS_TYPES_H
| # include <sys/types.h>
| #endif
| #ifdef HAVE_SYS_STAT_H
| # include <sys/stat.h>
| #endif
| #ifdef STDC_HEADERS
| # include <stdlib.h>
| # include <stddef.h>
| #else
| # ifdef HAVE_STDLIB_H
| #  include <stdlib.h>
| # endif
| #endif
| #ifdef HAVE_STRING_H
| # if !defined STDC_HEADERS && defined HAVE_MEMORY_H
| #  include <memory.h>
| # endif
| # include <string.h>
| #endif
| #ifdef HAVE_STRINGS_H
| # include <strings.h>
| #endif
| #ifdef HAVE_INTTYPES_H
| # include <inttypes.h>
| #endif
| #ifdef HAVE_STDINT_H
| # include <stdint.h>
| #endif
| #ifdef HAVE_UNISTD_H
| # include <unistd.h>
| #endif
| 
| #include <stdlib.h>
configure:2688: result: no
configure:2645: checking for string.h
configure:2666:  -c   conftest.c >&5
./configure: line 2667: -c: command not found
configure:2672: $? = 127
configure: failed program was:
| /* confdefs.h.  */
| #define PACKAGE_NAME "reliable_udp"
| #define PACKAGE_TARNAME "reliable_udp"
| #define PACKAGE_VERSION "0.0.1"
| #define PACKAGE_STRING "reliable_udp 0.0.1"
| #define PACKAGE_BUGREPORT "Lei Chen, Chao Sun, Azadeh Nematzadeh lc6@indiana.edu"
| #define PACKAGE "reliable_udp"
| #define VERSION "0.0.1"
| /* end confdefs.h.  */
| #include <stdio.h>
| #ifdef HAVE_SYS_TYPES_H
| # include <sys/types.h>
| #endif
| #ifdef HAVE_SYS_STAT_H
| # include <sys/stat.h>
| #endif
| #ifdef STDC_HEADERS
| # include <stdlib.h>
| # include <stddef.h>
| #else
| # ifdef HAVE_STDLIB_H
| #  include <stdlib.h>
| # endif
| #endif
| #ifdef HAVE_STRING_H
| # if !defined STDC_HEADERS && defined HAVE_MEMORY_H
| #  include <memory.h>
| # endif
| # include <string.h>
| #endif
| #ifdef HAVE_STRINGS_H
| # include <strings.h>
| #endif
| #ifdef HAVE_INTTYPES_H
| # include <inttypes.h>
| #endif
| #ifdef HAVE_STDINT_H
| # include <stdint.h>
| #endif
| #ifdef HAVE_UNISTD_H
| # include <unistd.h>
| #endif
| 
| #include <string.h>
configure:2688: result: no
configure:2645: checking for memory.h
configure:2666:  -c   conftest.c >&5
./configure: line 2667: -c: command not found
configure:2672: $? = 127
configure: failed program was:
| /* confdefs.h.  */
| #define PACKAGE_NAME "reliable_udp"
| #define PACKAGE_TARNAME "reliable_udp"
| #define PACKAGE_VERSION "0.0.1"
| #define PACKAGE_STRING "reliable_udp 0.0.1"
| #define PACKAGE_BUGREPORT "Lei Chen, Chao Sun, Azadeh Nematzadeh lc6@indiana.edu"
| #define PACKAGE "reliable_udp"
| #define VERSION "0.0.1"
| /* end confdefs.h.  */
| #include <stdio.h>
| #ifdef HAVE_SYS_TYPES_H
| # include <sys/types.h>
| #endif
| #ifdef HAVE_SYS_STAT_H
| # include <sys/stat.h>
| #endif
| #ifdef STDC_HEADERS
| # include <stdlib.h>
| # include <stddef.h>
| #else
| # ifdef HAVE_STDLIB_H
| #  include <stdlib.h>
| # endif
| #endif
| #ifdef HAVE_STRING_H
| # if !defined STDC_HEADERS && defined HAVE_MEMORY_H
| #  include <memory.h>
| # endif
| # include <string.h>
| #endif
| #ifdef HAVE_STRINGS_H
| # include <strings.h>
| #endif
| #ifdef HAVE_INTTYPES_H
| # include <inttypes.h>
| #endif
| #ifdef HAVE_STDINT_H
| # include <stdint.h>
| #endif
| #ifdef HAVE_UNISTD_H
| # include <unistd.h>
| #endif
| 
| #include <memory.h>
configure:2688: result: no
configure:2645: checking for strings.h
configure:2666:  -c   conftest.c >&5
./configure: line 2667: -c: command not found
configure:2672: $? = 127
configure: failed program was:
| /* confdefs.h.  */
| #define PACKAGE_NAME "reliable_udp"
| #define PACKAGE_TARNAME "reliable_udp"
| #define PACKAGE_VERSION "0.0.1"
| #define PACKAGE_STRING "reliable_udp 0.0.1"
| #define PACKAGE_BUGREPORT "Lei Chen, Chao Sun, Azadeh Nematzadeh lc6@indiana.edu"
| #define PACKAGE "reliable_udp"
| #define VERSION "0.0.1"
| /* end confdefs.h.  */
| #include <stdio.h>
| #ifdef HAVE_SYS_TYPES_H
| # include <sys/types.h>
| #endif
| #ifdef HAVE_SYS_STAT_H
| # include <sys/stat.h>
| #endif
| #ifdef STDC_HEADERS
| # include <stdlib.h>
| # include <stddef.h>
| #else
| # ifdef HAVE_STDLIB_H
| #  include <stdlib.h>
| # endif
| #endif
| #ifdef HAVE_STRING_H
| # if !defined STDC_HEADERS && defined HAVE_MEMORY_H
| #  include <memory.h>
| # endif
| # include <string.h>
| #endif
| #ifdef HAVE_STRINGS_H
| # include <strings.h>
| #endif
| #ifdef HAVE_INTTYPES_H
| # include <inttypes.h>
| #endif
| #ifdef HAVE_STDINT_H
| # include <stdint.h>
| #endif
| #ifdef HAVE_UNISTD_H
| # include <unistd.h>
| #endif
| 
| #include <strings.h>
configure:2688: result: no
configure:2645: checking for inttypes.h
configure:2666:  -c   conftest.c >&5
./configure: line 2667: -c: command not found
configure:2672: $? = 127
configure: failed program was:
| /* confdefs.h.  */
| #define PACKAGE_NAME "reliable_udp"
| #define PACKAGE_TARNAME "reliable_udp"
| #define PACKAGE_VERSION "0.0.1"
| #define PACKAGE_STRING "reliable_udp 0.0.1"
| #define PACKAGE_BUGREPORT "Lei Chen, Chao Sun, Azadeh Nematzadeh lc6@indiana.edu"
| #define PACKAGE "reliable_udp"
| #define VERSION "0.0.1"
| /* end confdefs.h.  */
| #include <stdio.h>
| #ifdef HAVE_SYS_TYPES_H
| # include <sys/types.h>
| #endif
| #ifdef HAVE_SYS_STAT_H
| # include <sys/stat.h>
| #endif
| #ifdef STDC_HEADERS
| # include <stdlib.h>
| # include <stddef.h>
| #else
| # ifdef HAVE_STDLIB_H
| #  include <stdlib.h>
| # endif
| #endif
| #ifdef HAVE_STRING_H
| # if !defined STDC_HEADERS && defined HAVE_MEMORY_H
| #  include <memory.h>
| # endif
| # include <string.h>
| #endif
| #ifdef HAVE_STRINGS_H
| # include <strings.h>
| #endif
| #ifdef HAVE_INTTYPES_H
| # include <inttypes.h>
| #endif
| #ifdef HAVE_STDINT_H
| # include <stdint.h>
| #endif
| #ifdef HAVE_UNISTD_H
| # include <unistd.h>
| #endif
| 
| #include <inttypes.h>
configure:2688: result: no
configure:2645: checking for stdint.h
configure:2666:  -c   conftest.c >&5
./configure: line 2667: -c: command not found
configure:2672: $? = 127
configure: failed program was:
| /* confdefs.h.  */
| #define PACKAGE_NAME "reliable_udp"
| #define PACKAGE_TARNAME "reliable_udp"
| #define PACKAGE_VERSION "0.0.1"
| #define PACKAGE_STRING "reliable_udp 0.0.1"
| #define PACKAGE_BUGREPORT "Lei Chen, Chao Sun, Azadeh Nematzadeh lc6@indiana.edu"
| #define PACKAGE "reliable_udp"
| #define VERSION "0.0.1"
| /* end confdefs.h.  */
| #include <stdio.h>
| #ifdef HAVE_SYS_TYPES_H
| # include <sys/types.h>
| #endif
| #ifdef HAVE_SYS_STAT_H
| # include <sys/stat.h>
| #endif
| #ifdef STDC_HEADERS
| # include <stdlib.h>
| # include <stddef.h>
| #else
| # ifdef HAVE_STDLIB_H
| #  include <stdlib.h>
| # endif
| #endif
| #ifdef HAVE_STRING_H
| # if !defined STDC_HEADERS && defined HAVE_MEMORY_H
| #  include <memory.h>
| # endif
| # include <string.h>
| #endif
| #ifdef HAVE_STRINGS_H
| # include <strings.h>
| #endif
| #ifdef HAVE_INTTYPES_H
| # include <inttypes.h>
| #endif
| #ifdef HAVE_STDINT_H
| # include <stdint.h>
| #endif
| #ifdef HAVE_UNISTD_H
| # include <unistd.h>
| #endif
| 
| #include <stdint.h>
configure:2688: result: no
configure:2645: checking for unistd.h
configure:2666:  -c   conftest.c >&5
./configure: line 2667: -c: command not found
configure:2672: $? = 127
configure: failed program was:
| /* confdefs.h.  */
| #define PACKAGE_NAME "reliable_udp"
| #define PACKAGE_TARNAME "reliable_udp"
| #define PACKAGE_VERSION "0.0.1"
| #define PACKAGE_STRING "reliable_udp 0.0.1"
| #define PACKAGE_BUGREPORT "Lei Chen, Chao Sun, Azadeh Nematzadeh lc6@indiana.edu"
| #define PACKAGE "reliable_udp"
| #define VERSION "0.0.1"
| /* end confdefs.h.  */
| #include <stdio.h>
| #ifdef HAVE_SYS_TYPES_H
| # include <sys/types.h>
| #endif
| #ifdef HAVE_SYS_STAT_H
| # include <sys/stat.h>
| #endif
| #ifdef STDC_HEADERS
| # include <stdlib.h>
| # include <stddef.h>
| #else
| # ifdef HAVE_STDLIB_H
| #  include <stdlib.h>
| # endif
| #endif
| #ifdef HAVE_STRING_H
| # if !defined STDC_HEADERS && defined HAVE_MEMORY_H
| #  include <memory.h>
| # endif
| # include <string.h>
| #endif
| #ifdef HAVE_STRINGS_H
| # include <strings.h>
| #endif
| #ifdef HAVE_INTTYPES_H
| # include <inttypes.h>
| #endif
| #ifdef HAVE_STDINT_H
| # include <stdint.h>
| #endif
| #ifdef HAVE_UNISTD_H
| # include <unistd.h>
| #endif
| 
| #include <unistd.h>
configure:2688: result: no
configure:2749: checking for gcc
configure:2765: found /usr/bin/gcc
configure:2776: result: gcc
configure:3014: checking for C compiler version
configure:3021: gcc --version >&5
gcc (Ubuntu 4.3.2-1ubuntu11) 4.3.2
Copyright (C) 2008 Free Software Foundation, Inc.
This is free software; see the source for copying conditions.  There is NO
warranty; not even for MERCHANTABILITY or FITNESS FOR A PARTICULAR PURPOSE.

configure:3024: $? = 0
configure:3031: gcc -v >&5
Using built-in specs.
Target: i486-linux-gnu
Configured with: ../src/configure -v --with-pkgversion='Ubuntu 4.3.2-1ubuntu11' --with-bugurl=file:///usr/share/doc/gcc-4.3/README.Bugs --enable-languages=c,c++,fortran,objc,obj-c++ --prefix=/usr --enable-shared --with-system-zlib --libexecdir=/usr/lib --without-included-gettext --enable-threads=posix --enable-nls --with-gxx-include-dir=/usr/include/c++/4.3 --program-suffix=-4.3 --enable-clocale=gnu --enable-libstdcxx-debug --enable-objc-gc --enable-mpfr --enable-targets=all --enable-checking=release --build=i486-linux-gnu --host=i486-linux-gnu --target=i486-linux-gnu
Thread model: posix
gcc version 4.3.2 (Ubuntu 4.3.2-1ubuntu11) 
configure:3034: $? = 0
configure:3041: gcc -V >&5
gcc: '-V' option must have argument
configure:3044: $? = 1
configure:3067: checking for C compiler default output file name
configure:3094: gcc    conftest.c  >&5
configure:3097: $? = 0
configure:3135: result: a.out
configure:3152: checking whether the C compiler works
configure:3162: ./a.out
configure:3165: $? = 0
configure:3182: result: yes
configure:3189: checking whether we are cross compiling
configure:3191: result: no
configure:3194: checking for suffix of executables
configure:3201: gcc -o conftest    conftest.c  >&5
configure:3204: $? = 0
configure:3228: result: 
configure:3234: checking for suffix of object files
configure:3260: gcc -c   conftest.c >&5
configure:3263: $? = 0
configure:3286: result: o
configure:3290: checking whether we are using the GNU C compiler
configure:3319: gcc -c   conftest.c >&5
configure:3325: $? = 0
configure:3342: result: yes
configure:3347: checking whether gcc accepts -g
configure:3377: gcc -c -g  conftest.c >&5
configure:3383: $? = 0
configure:3482: result: yes
configure:3499: checking for gcc option to accept ISO C89
configure:3573: gcc  -c -g -O2  conftest.c >&5
configure:3579: $? = 0
configure:3602: result: none needed
configure:3622: checking dependency style of gcc
configure:3713: result: none
configure:3733: checking how to run the C preprocessor
configure:3773: gcc -E  conftest.c
configure:3779: $? = 0
configure:3810: gcc -E  conftest.c
conftest.c:10:28: error: ac_nonexistent.h: No such file or directory
configure:3816: $? = 1
configure: failed program was:
| /* confdefs.h.  */
| #define PACKAGE_NAME "reliable_udp"
| #define PACKAGE_TARNAME "reliable_udp"
| #define PACKAGE_VERSION "0.0.1"
| #define PACKAGE_STRING "reliable_udp 0.0.1"
| #define PACKAGE_BUGREPORT "Lei Chen, Chao Sun, Azadeh Nematzadeh lc6@indiana.edu"
| #define PACKAGE "reliable_udp"
| #define VERSION "0.0.1"
| /* end confdefs.h.  */
| #include <ac_nonexistent.h>
configure:3849: result: gcc -E
configure:3878: gcc -E  conftest.c
configure:3884: $? = 0
configure:3915: gcc -E  conftest.c
conftest.c:10:28: error: ac_nonexistent.h: No such file or directory
configure:3921: $? = 1
configure: failed program was:
| /* confdefs.h.  */
| #define PACKAGE_NAME "reliable_udp"
| #define PACKAGE_TARNAME "reliable_udp"
| #define PACKAGE_VERSION "0.0.1"
| #define PACKAGE_STRING "reliable_udp 0.0.1"
| #define PACKAGE_BUGREPORT "Lei Chen, Chao Sun, Azadeh Nematzadeh lc6@indiana.edu"
| #define PACKAGE "reliable_udp"
| #define VERSION "0.0.1"
| /* end confdefs.h.  */
| #include <ac_nonexistent.h>
configure:3959: checking for AIX
configure:3981: result: no
configure:3987: checking for library containing strerror
configure:4028: gcc -o conftest -g -O2   conftest.c  >&5
configure:4034: $? = 0
configure:4062: result: none required
configure:4080: checking minix/config.h usability
configure:4097: gcc -c -g -O2  conftest.c >&5
conftest.c:43:26: error: minix/config.h: No such file or directory
configure:4103: $? = 1
configure: failed program was:
| /* confdefs.h.  */
| #define PACKAGE_NAME "reliable_udp"
| #define PACKAGE_TARNAME "reliable_udp"
| #define PACKAGE_VERSION "0.0.1"
| #define PACKAGE_STRING "reliable_udp 0.0.1"
| #define PACKAGE_BUGREPORT "Lei Chen, Chao Sun, Azadeh Nematzadeh lc6@indiana.edu"
| #define PACKAGE "reliable_udp"
| #define VERSION "0.0.1"
| /* end confdefs.h.  */
| #include <stdio.h>
| #ifdef HAVE_SYS_TYPES_H
| # include <sys/types.h>
| #endif
| #ifdef HAVE_SYS_STAT_H
| # include <sys/stat.h>
| #endif
| #ifdef STDC_HEADERS
| # include <stdlib.h>
| # include <stddef.h>
| #else
| # ifdef HAVE_STDLIB_H
| #  include <stdlib.h>
| # endif
| #endif
| #ifdef HAVE_STRING_H
| # if !defined STDC_HEADERS && defined HAVE_MEMORY_H
| #  include <memory.h>
| # endif
| # include <string.h>
| #endif
| #ifdef HAVE_STRINGS_H
| # include <strings.h>
| #endif
| #ifdef HAVE_INTTYPES_H
| # include <inttypes.h>
| #endif
| #ifdef HAVE_STDINT_H
| # include <stdint.h>
| #endif
| #ifdef HAVE_UNISTD_H
| # include <unistd.h>
| #endif
| #include <minix/config.h>
configure:4117: result: no
configure:4121: checking minix/config.h presence
configure:4136: gcc -E  conftest.c
conftest.c:10:26: error: minix/config.h: No such file or directory
configure:4142: $? = 1
configure: failed program was:
| /* confdefs.h.  */
| #define PACKAGE_NAME "reliable_udp"
| #define PACKAGE_TARNAME "reliable_udp"
| #define PACKAGE_VERSION "0.0.1"
| #define PACKAGE_STRING "reliable_udp 0.0.1"
| #define PACKAGE_BUGREPORT "Lei Chen, Chao Sun, Azadeh Nematzadeh lc6@indiana.edu"
| #define PACKAGE "reliable_udp"
| #define VERSION "0.0.1"
| /* end confdefs.h.  */
| #include <minix/config.h>
configure:4156: result: no
configure:4189: checking for minix/config.h
configure:4196: result: no
configure:4225: checking for ANSI C header files
configure:4389: result: no
configure:4406: checking build system type
configure:4424: result: i686-pc-linux-gnu
configure:4447: checking host system type
configure:4462: result: i686-pc-linux-gnu
configure:4501: checking whether user wants warnings
configure:4511: result: no
configure:4605: checking for ranlib
configure:4621: found /usr/bin/ranlib
configure:4632: result: ranlib
configure:4776: creating ./config.status

## ---------------------- ##
## Running config.status. ##
## ---------------------- ##

This file was extended by reliable_udp config.status 0.0.1, which was
generated by GNU Autoconf 2.61.  Invocation command line was

  CONFIG_FILES    = 
  CONFIG_HEADERS  = 
  CONFIG_LINKS    = 
  CONFIG_COMMANDS = 
  $ ./config.status 

on hide1713-laptop

config.status:649: creating Makefile
config.status:649: creating README
config.status:649: creating doc/Makefile
config.status:649: creating m4/Makefile
config.status:649: creating src/Makefile
config.status:649: creating config.h
config.status:866: config.h is unchanged
config.status:913: executing depfiles commands

## ---------------- ##
## Cache variables. ##
## ---------------- ##

ac_cv_build=i686-pc-linux-gnu
ac_cv_c_compiler_gnu=yes
ac_cv_env_CC_set=
ac_cv_env_CC_value=
ac_cv_env_CFLAGS_set=
ac_cv_env_CFLAGS_value=
ac_cv_env_CPPFLAGS_set=
ac_cv_env_CPPFLAGS_value=
ac_cv_env_CPP_set=
ac_cv_env_CPP_value=
ac_cv_env_LDFLAGS_set=
ac_cv_env_LDFLAGS_value=
ac_cv_env_LIBS_set=
ac_cv_env_LIBS_value=
ac_cv_env_build_alias_set=
ac_cv_env_build_alias_value=
ac_cv_env_host_alias_set=
ac_cv_env_host_alias_value=
ac_cv_env_target_alias_set=
ac_cv_env_target_alias_value=
ac_cv_header_inttypes_h=no
ac_cv_header_memory_h=no
ac_cv_header_minix_config_h=no
ac_cv_header_stdc=no
ac_cv_header_stdint_h=no
ac_cv_header_stdlib_h=no
ac_cv_header_string_h=no
ac_cv_header_strings_h=no
ac_cv_header_sys_stat_h=no
ac_cv_header_sys_types_h=no
ac_cv_header_unistd_h=no
ac_cv_host=i686-pc-linux-gnu
ac_cv_objext=o
ac_cv_path_EGREP='/bin/grep -E'
ac_cv_path_GREP=/bin/grep
ac_cv_path_install='/usr/bin/install -c'
ac_cv_path_mkdir=/bin/mkdir
ac_cv_prog_AWK=mawk
ac_cv_prog_CPP='gcc -E'
ac_cv_prog_ac_ct_CC=gcc
ac_cv_prog_ac_ct_RANLIB=ranlib
ac_cv_prog_cc_c89=
ac_cv_prog_cc_g=yes
ac_cv_prog_make_make_set=yes
ac_cv_search_strerror='none required'
am_cv_CC_dependencies_compiler_type=none

## ----------------- ##
## Output variables. ##
## ----------------- ##

ACLOCAL='${SHELL} /home/hide1713/workspace/udp/config/missing --run aclocal-1.10'
AMDEPBACKSLASH='\'
AMDEP_FALSE='#'
AMDEP_TRUE=''
AMTAR='${SHELL} /home/hide1713/workspace/udp/config/missing --run tar'
AUTOCONF='${SHELL} /home/hide1713/workspace/udp/config/missing --run autoconf'
AUTOHEADER='${SHELL} /home/hide1713/workspace/udp/config/missing --run autoheader'
AUTOMAKE='${SHELL} /home/hide1713/workspace/udp/config/missing --run automake-1.10'
AWK='mawk'
CC='gcc'
CCDEPMODE='depmode=none'
CFLAGS='-g -O2'
CPP='gcc -E'
CPPFLAGS=''
CYGPATH_W='echo'
DEFS='-DHAVE_CONFIG_H'
DEPDIR='.deps'
ECHO_C=''
ECHO_N='-n'
ECHO_T=''
EGREP='/bin/grep -E'
EXEEXT=''
GREP='/bin/grep'
INSTALL_DATA='${INSTALL} -m 644'
INSTALL_PROGRAM='${INSTALL}'
INSTALL_SCRIPT='${INSTALL}'
INSTALL_STRIP_PROGRAM='$(install_sh) -c -s'
LDFLAGS=''
LIBOBJS=''
LIBS=''
LTLIBOBJS=''
MAKEINFO='${SHELL} /home/hide1713/workspace/udp/config/missing --run makeinfo'
OBJEXT='o'
PACKAGE='reliable_udp'
PACKAGE_BUGREPORT='Lei Chen, Chao Sun, Azadeh Nematzadeh lc6@indiana.edu'
PACKAGE_NAME='reliable_udp'
PACKAGE_STRING='reliable_udp 0.0.1'
PACKAGE_TARNAME='reliable_udp'
PACKAGE_VERSION='0.0.1'
PATH_SEPARATOR=':'
RANLIB='ranlib'
SET_MAKE=''
SHELL='/bin/bash'
STRIP=''
VERSION='0.0.1'
ac_ct_CC='gcc'
am__fastdepCC_FALSE=''
am__fastdepCC_TRUE='#'
am__include='include'
am__isrc=''
am__leading_dot='.'
am__quote=''
am__tar='${AMTAR} chof - "$$tardir"'
am__untar='${AMTAR} xf -'
bindir='${exec_prefix}/bin'
build='i686-pc-linux-gnu'
build_alias=''
build_cpu='i686'
build_os='linux-gnu'
build_vendor='pc'
canonical_host_type='i686-pc-linux-gnu'
datadir='${datarootdir}'
datarootdir='${prefix}/share'
docdir='${datarootdir}/doc/${PACKAGE_TARNAME}'
dvidir='${docdir}'
exec_prefix='${prefix}'
host='i686-pc-linux-gnu'
host_alias=''
host_cpu='i686'
host_os='linux-gnu'
host_vendor='pc'
htmldir='${docdir}'
includedir='${prefix}/include'
infodir='${datarootdir}/info'
install_sh='$(SHELL) /home/hide1713/workspace/udp/config/install-sh'
libdir='${exec_prefix}/lib'
libexecdir='${exec_prefix}/libexec'
localedir='${datarootdir}/locale'
localstatedir='${prefix}/var'
mandir='${datarootdir}/man'
mkdir_p='/bin/mkdir -p'
oldincludedir='/usr/include'
pdfdir='${docdir}'
prefix='/usr/local'
program_transform_name='s,x,x,'
psdir='${docdir}'
sbindir='${exec_prefix}/sbin'
sharedstatedir='${prefix}/com'
sysconfdir='${prefix}/etc'
target_alias=''

## ----------- ##
## confdefs.h. ##
## ----------- ##

#define PACKAGE_NAME "reliable_udp"
#define PACKAGE_TARNAME "reliable_udp"
#define PACKAGE_VERSION "0.0.1"
#define PACKAGE_STRING "reliable_udp 0.0.1"
#define PACKAGE_BUGREPORT "Lei Chen, Chao Sun, Azadeh Nematzadeh lc6@indiana.edu"
#define PACKAGE "reliable_udp"
#define VERSION "0.0.1"
#define YOUR_OS "i686-pc-linux-gnu"

configure: exit 0
